<?xml version="1.0" encoding="UTF-8"?>
<coverage generated="1612522023271" clover="3.2.0">
  <project timestamp="1612522023272" name="All files">
    <metrics statements="16" coveredstatements="15" conditionals="0" coveredconditionals="0" methods="7" coveredmethods="6" elements="23" coveredelements="21" complexity="0" loc="16" ncloc="16" packages="1" files="4" classes="4"/>
    <file name="cloneArray.js" path="/Users/jerrik/Projects/Noroff/Lessons/Workflow2_Module2/Lesson2/github-actions/src/cloneArray.js">
      <metrics statements="3" coveredstatements="3" conditionals="0" coveredconditionals="0" methods="1" coveredmethods="1"/>
      <line num="1" count="1" type="stmt"/>
      <line num="2" count="1" type="stmt"/>
      <line num="5" count="1" type="stmt"/>
    </file>
    <file name="filterByTerm.js" path="/Users/jerrik/Projects/Noroff/Lessons/Workflow2_Module2/Lesson2/github-actions/src/filterByTerm.js">
      <metrics statements="5" coveredstatements="5" conditionals="0" coveredconditionals="0" methods="2" coveredmethods="2"/>
      <line num="1" count="1" type="stmt"/>
      <line num="2" count="2" type="stmt"/>
      <line num="3" count="2" type="stmt"/>
      <line num="4" count="6" type="stmt"/>
      <line num="8" count="1" type="stmt"/>
    </file>
    <file name="subtract.js" path="/Users/jerrik/Projects/Noroff/Lessons/Workflow2_Module2/Lesson2/github-actions/src/subtract.js">
      <metrics statements="3" coveredstatements="3" conditionals="0" coveredconditionals="0" methods="1" coveredmethods="1"/>
      <line num="1" count="1" type="stmt"/>
      <line num="2" count="1" type="stmt"/>
      <line num="5" count="1" type="stmt"/>
    </file>
    <file name="sum.js" path="/Users/jerrik/Projects/Noroff/Lessons/Workflow2_Module2/Lesson2/github-actions/src/sum.js">
      <metrics statements="5" coveredstatements="4" conditionals="0" coveredconditionals="0" methods="3" coveredmethods="2"/>
      <line num="1" count="1" type="stmt"/>
      <line num="3" count="1" type="stmt"/>
      <line num="6" count="1" type="stmt"/>
      <line num="10" count="1" type="stmt"/>
      <line num="11" count="0" type="stmt"/>
    </file>
  </project>
</coverage>
