{"/Users/jerrik/Projects/Noroff/Lessons/Workflow2_Module2/Lesson2/github-actions/src/cloneArray.js": {"path":"/Users/jerrik/Projects/Noroff/Lessons/Workflow2_Module2/Lesson2/github-actions/src/cloneArray.js","statementMap":{"0":{"start":{"line":1,"column":19},"end":{"line":3,"column":1}},"1":{"start":{"line":2,"column":3},"end":{"line":2,"column":21}},"2":{"start":{"line":5,"column":0},"end":{"line":5,"column":28}}},"fnMap":{"0":{"name":"(anonymous_0)","decl":{"start":{"line":1,"column":19},"end":{"line":1,"column":20}},"loc":{"start":{"line":1,"column":30},"end":{"line":3,"column":1}},"line":1}},"branchMap":{},"s":{"0":1,"1":1,"2":1},"f":{"0":1},"b":{},"_coverageSchema":"1a1c01bbd47fc00a2c39e90264f33305004495a9","hash":"f7d8e7c289c1a2a13b498c68cda73c7bece47e66"}
,"/Users/jerrik/Projects/Noroff/Lessons/Workflow2_Module2/Lesson2/github-actions/src/filterByTerm.js": {"path":"/Users/jerrik/Projects/Noroff/Lessons/Workflow2_Module2/Lesson2/github-actions/src/filterByTerm.js","statementMap":{"0":{"start":{"line":1,"column":21},"end":{"line":6,"column":1}},"1":{"start":{"line":2,"column":17},"end":{"line":2,"column":44}},"2":{"start":{"line":3,"column":3},"end":{"line":5,"column":6}},"3":{"start":{"line":4,"column":6},"end":{"line":4,"column":43}},"4":{"start":{"line":8,"column":0},"end":{"line":8,"column":30}}},"fnMap":{"0":{"name":"(anonymous_0)","decl":{"start":{"line":1,"column":21},"end":{"line":1,"column":22}},"loc":{"start":{"line":1,"column":47},"end":{"line":6,"column":1}},"line":1},"1":{"name":"(anonymous_1)","decl":{"start":{"line":3,"column":26},"end":{"line":3,"column":27}},"loc":{"start":{"line":3,"column":44},"end":{"line":5,"column":4}},"line":3}},"branchMap":{},"s":{"0":1,"1":2,"2":2,"3":6,"4":1},"f":{"0":2,"1":6},"b":{},"_coverageSchema":"1a1c01bbd47fc00a2c39e90264f33305004495a9","hash":"bd4381c145a021554afa80610e4fe0148a3a4c7f"}
,"/Users/jerrik/Projects/Noroff/Lessons/Workflow2_Module2/Lesson2/github-actions/src/subtract.js": {"path":"/Users/jerrik/Projects/Noroff/Lessons/Workflow2_Module2/Lesson2/github-actions/src/subtract.js","statementMap":{"0":{"start":{"line":1,"column":17},"end":{"line":3,"column":1}},"1":{"start":{"line":2,"column":3},"end":{"line":2,"column":16}},"2":{"start":{"line":5,"column":0},"end":{"line":5,"column":26}}},"fnMap":{"0":{"name":"(anonymous_0)","decl":{"start":{"line":1,"column":17},"end":{"line":1,"column":18}},"loc":{"start":{"line":1,"column":27},"end":{"line":3,"column":1}},"line":1}},"branchMap":{},"s":{"0":1,"1":1,"2":1},"f":{"0":1},"b":{},"_coverageSchema":"1a1c01bbd47fc00a2c39e90264f33305004495a9","hash":"94e9a8dda4ddffad9f2fb4d90a6d5517f272c245"}
,"/Users/jerrik/Projects/Noroff/Lessons/Workflow2_Module2/Lesson2/github-actions/src/sum.js": {"path":"/Users/jerrik/Projects/Noroff/Lessons/Workflow2_Module2/Lesson2/github-actions/src/sum.js","statementMap":{"0":{"start":{"line":1,"column":0},"end":{"line":8,"column":2}},"1":{"start":{"line":3,"column":6},"end":{"line":3,"column":19}},"2":{"start":{"line":6,"column":6},"end":{"line":6,"column":23}},"3":{"start":{"line":10,"column":13},"end":{"line":12,"column":1}},"4":{"start":{"line":11,"column":3},"end":{"line":11,"column":24}}},"fnMap":{"0":{"name":"sum","decl":{"start":{"line":2,"column":17},"end":{"line":2,"column":20}},"loc":{"start":{"line":2,"column":27},"end":{"line":4,"column":4}},"line":2},"1":{"name":"sum3","decl":{"start":{"line":5,"column":18},"end":{"line":5,"column":22}},"loc":{"start":{"line":5,"column":32},"end":{"line":7,"column":4}},"line":5},"2":{"name":"(anonymous_2)","decl":{"start":{"line":10,"column":13},"end":{"line":10,"column":14}},"loc":{"start":{"line":10,"column":29},"end":{"line":12,"column":1}},"line":10}},"branchMap":{},"s":{"0":1,"1":1,"2":1,"3":1,"4":0},"f":{"0":1,"1":1,"2":0},"b":{},"_coverageSchema":"1a1c01bbd47fc00a2c39e90264f33305004495a9","hash":"214ceb051574f8a871d8c9ecae63d12408aafa37"}
}
