TN:
SF:src/cloneArray.js
FN:1,(anonymous_0)
FNF:1
FNH:1
FNDA:1,(anonymous_0)
DA:1,1
DA:2,1
DA:5,1
LF:3
LH:3
BRF:0
BRH:0
end_of_record
TN:
SF:src/filterByTerm.js
FN:1,(anonymous_0)
FN:3,(anonymous_1)
FNF:2
FNH:2
FNDA:2,(anonymous_0)
FNDA:6,(anonymous_1)
DA:1,1
DA:2,2
DA:3,2
DA:4,6
DA:8,1
LF:5
LH:5
BRF:0
BRH:0
end_of_record
TN:
SF:src/subtract.js
FN:1,(anonymous_0)
FNF:1
FNH:1
FNDA:1,(anonymous_0)
DA:1,1
DA:2,1
DA:5,1
LF:3
LH:3
BRF:0
BRH:0
end_of_record
TN:
SF:src/sum.js
FN:2,sum
FN:5,sum3
FN:10,(anonymous_2)
FNF:3
FNH:2
FNDA:1,sum
FNDA:1,sum3
FNDA:0,(anonymous_2)
DA:1,1
DA:3,1
DA:6,1
DA:10,1
DA:11,0
LF:5
LH:4
BRF:0
BRH:0
end_of_record
